[07-May-2018 21:44:08 Europe/Berlin] =====Starting request: /cs637/lol/proj2_server/
[07-May-2018 21:44:08 Europe/Berlin] Failed to get DB connection, error = SQLSTATE[HY000] [1045] Access denied for user 'svr_user'@'localhost' (using password: YES)
[07-May-2018 21:44:08 Europe/Berlin] PHP Notice:  Undefined variable: in_webservice_code in /opt/lampp/htdocs/cs637/lol/proj2_server/model/database.php on line 21
[07-May-2018 21:49:40 Europe/Berlin] =====Starting request: /cs637/proj2/proj2_server/
[07-May-2018 21:49:40 Europe/Berlin] Failed to get DB connection, error = SQLSTATE[HY000] [1045] Access denied for user 'svr_user'@'localhost' (using password: YES)
[07-May-2018 21:49:40 Europe/Berlin] PHP Notice:  Undefined variable: in_webservice_code in /opt/lampp/htdocs/cs637/proj2/proj2_server/model/database.php on line 21
[07-May-2018 23:27:30 Europe/Berlin] =====Starting request: /cs637/proj2/proj2_server/
[07-May-2018 23:27:30 Europe/Berlin] PHP Fatal error:  Uncaught PDOException: SQLSTATE[42S22]: Column not found: 1054 Unknown column 'Products.categoryID' in 'where clause' in /opt/lampp/htdocs/cs637/proj2/proj2_server/model/category_db.php:13
Stack trace:
#0 /opt/lampp/htdocs/cs637/proj2/proj2_server/model/category_db.php(13): PDOStatement->execute()
#1 /opt/lampp/htdocs/cs637/proj2/proj2_server/view/sidebar.php(31): get_categories()
#2 /opt/lampp/htdocs/cs637/proj2/proj2_server/home_view.php(2): include('/opt/lampp/htdo...')
#3 /opt/lampp/htdocs/cs637/proj2/proj2_server/index.php(17): include('/opt/lampp/htdo...')
#4 {main}
  thrown in /opt/lampp/htdocs/cs637/proj2/proj2_server/model/category_db.php on line 13
[07-May-2018 23:28:06 Europe/Berlin] =====Starting request: /cs637/proj2/proj2_server/
[07-May-2018 23:28:26 Europe/Berlin] =====Starting request: /cs637/proj2/proj2_server/catalog/?product_id=1
[07-May-2018 23:28:28 Europe/Berlin] =====Starting request: /cs637/proj2/proj2_server/cart/?action=add&product_id=1&quantity=1
[07-May-2018 23:28:28 Europe/Berlin] PHP Fatal error:  Uncaught Error: Cannot use object of type __PHP_Incomplete_Class as array in /opt/lampp/htdocs/cs637/proj2/proj2_server/model/cart.php:9
Stack trace:
#0 /opt/lampp/htdocs/cs637/proj2/proj2_server/cart/index.php(31): cart_add_item(1, '1')
#1 {main}
  thrown in /opt/lampp/htdocs/cs637/proj2/proj2_server/model/cart.php on line 9
[07-May-2018 23:28:29 Europe/Berlin] =====Starting request: /cs637/proj2/proj2_server/catalog/?product_id=1
[07-May-2018 23:28:30 Europe/Berlin] =====Starting request: /cs637/proj2/proj2_server/
[07-May-2018 23:31:34 Europe/Berlin] =====Starting request: /cs637/proj2/proj2_server/
[07-May-2018 23:31:35 Europe/Berlin] =====Starting request: /cs637/proj2/proj2_server/catalog/?product_id=1
[07-May-2018 23:31:36 Europe/Berlin] =====Starting request: /cs637/proj2/proj2_server/cart/?action=add&product_id=1&quantity=1
[07-May-2018 23:31:36 Europe/Berlin] PHP Fatal error:  Uncaught Error: Cannot use object of type __PHP_Incomplete_Class as array in /opt/lampp/htdocs/cs637/proj2/proj2_server/model/cart.php:9
Stack trace:
#0 /opt/lampp/htdocs/cs637/proj2/proj2_server/cart/index.php(31): cart_add_item(1, '1')
#1 {main}
  thrown in /opt/lampp/htdocs/cs637/proj2/proj2_server/model/cart.php on line 9
[07-May-2018 23:32:02 Europe/Berlin] =====Starting request: /cs637/proj2/proj2_server/catalog/?product_id=1
[08-May-2018 03:13:06 Europe/Berlin] =====Starting request: /cs637/proj2/proj2_server/
[08-May-2018 03:13:07 Europe/Berlin] =====Starting request: /cs637/proj2/proj2_server/account/
[08-May-2018 03:13:09 Europe/Berlin] =====Starting request: /cs637/proj2/proj2_server/
[08-May-2018 03:29:22 Europe/Berlin] =====Starting request: /cs637/proj2/proj2_server/catalog/?product_id=1
[08-May-2018 23:47:23 Europe/Berlin] =====Starting request: /cs637/proj2/proj2_server/catalog/?product_id=1
